[ pid=22348 thr=140666539468544 file=ext/nginx/HelperAgent.cpp:574 time=2011-07-15 14:48:23.413 ]: Couldn't forward the HTTP response back to the HTTP client: It seems the user clicked on the 'Stop' button in his browser.
[ pid=22348 thr=140666503661312 file=ext/nginx/HelperAgent.cpp:574 time=2011-07-15 15:37:57.699 ]: Couldn't forward the HTTP response back to the HTTP client: It seems the user clicked on the 'Stop' button in his browser.
[ pid=22348 thr=140666506872576 file=ext/nginx/HelperAgent.cpp:574 time=2011-07-16 22:18:33.817 ]: Couldn't forward the HTTP response back to the HTTP client: It seems the user clicked on the 'Stop' button in his browser.
[ pid=22348 thr=140666506671872 file=ext/nginx/HelperAgent.cpp:574 time=2011-07-16 22:18:35.961 ]: Couldn't forward the HTTP response back to the HTTP client: It seems the user clicked on the 'Stop' button in his browser.
[ pid=20642 thr=140232363374336 file=ext/nginx/HelperAgent.cpp:574 time=2011-07-16 22:39:27.509 ]: Couldn't forward the HTTP response back to the HTTP client: It seems the user clicked on the 'Stop' button in his browser.
{"subject"=>"test", "text"=>"测试消息", "participant_ids"=>[13, 10], "person"=>#<Person id: 10, user_id: 10, created_at: "2011-06-20 23:45:10", updated_at: "2011-07-13 07:39:49">}
{"subject"=>"test", "participant_ids"=>[13, 10], "person"=>#<Person id: 10, user_id: 10, created_at: "2011-06-20 23:45:10", updated_at: "2011-07-13 07:39:49">}
[ pid=20642 thr=140232363374336 file=ext/nginx/HelperAgent.cpp:574 time=2011-07-16 23:02:20.755 ]: Couldn't forward the HTTP response back to the HTTP client: It seems the user clicked on the 'Stop' button in his browser.
[ pid=18222 thr=140215176451840 file=ext/nginx/HelperAgent.cpp:574 time=2011-07-17 14:46:08.191 ]: Couldn't forward the HTTP response back to the HTTP client: It seems the user clicked on the 'Stop' button in his browser.
[ pid=4707 thr=139850029090560 file=ext/nginx/HelperAgent.cpp:574 time=2011-07-18 13:06:06.104 ]: Couldn't forward the HTTP response back to the HTTP client: It seems the user clicked on the 'Stop' button in his browser.
Error during failsafe response: ActionView::Template::Error
  /usr/local/lib/ruby/gems/1.9.1/gems/actionpack-3.0.7/lib/action_dispatch/middleware/templates/rescues/_request_and_response.erb:13:in `inspect'
  /usr/local/lib/ruby/gems/1.9.1/gems/actionpack-3.0.7/lib/action_dispatch/middleware/templates/rescues/_request_and_response.erb:13:in `__usr_local_lib_ruby_gems_______gems_actionpack_______lib_action_dispatch_middleware_templates_rescues__request_and_response_erb__740281572918451525_26594240__4148965474169731589'
  /usr/local/lib/ruby/gems/1.9.1/gems/actionpack-3.0.7/lib/action_view/template.rb:135:in `block in render'
  /usr/local/lib/ruby/gems/1.9.1/gems/activesupport-3.0.7/lib/active_support/notifications.rb:54:in `instrument'
  /usr/local/lib/ruby/gems/1.9.1/gems/actionpack-3.0.7/lib/action_view/template.rb:127:in `render'
  /usr/local/lib/ruby/gems/1.9.1/gems/actionpack-3.0.7/lib/action_view/render/rendering.rb:59:in `block in _render_template'
  /usr/local/lib/ruby/gems/1.9.1/gems/activesupport-3.0.7/lib/active_support/notifications.rb:52:in `block in instrument'
  /usr/local/lib/ruby/gems/1.9.1/gems/activesupport-3.0.7/lib/active_support/notifications/instrumenter.rb:21:in `instrument'
  /usr/local/lib/ruby/gems/1.9.1/gems/activesupport-3.0.7/lib/active_support/notifications.rb:52:in `instrument'
  /usr/local/lib/ruby/gems/1.9.1/gems/actionpack-3.0.7/lib/action_view/render/rendering.rb:56:in `_render_template'
  /usr/local/lib/ruby/gems/1.9.1/gems/actionpack-3.0.7/lib/action_view/render/rendering.rb:26:in `render'
  /usr/local/lib/ruby/gems/1.9.1/gems/haml-3.1.1/lib/haml/helpers/action_view_mods.rb:13:in `render_with_haml'
  /usr/local/lib/ruby/gems/1.9.1/gems/actionpack-3.0.7/lib/action_dispatch/middleware/templates/rescues/diagnostics.erb:10:in `__usr_local_lib_ruby_gems_______gems_actionpack_______lib_action_dispatch_middleware_templates_rescues_diagnostics_erb___637036371985856069_26742340__4148965474169731589'
  /usr/local/lib/ruby/gems/1.9.1/gems/actionpack-3.0.7/lib/action_view/template.rb:135:in `block in render'
  /usr/local/lib/ruby/gems/1.9.1/gems/activesupport-3.0.7/lib/active_support/notifications.rb:54:in `instrument'
  /usr/local/lib/ruby/gems/1.9.1/gems/actionpack-3.0.7/lib/action_view/template.rb:127:in `render'
  /usr/local/lib/ruby/gems/1.9.1/gems/actionpack-3.0.7/lib/action_view/render/rendering.rb:59:in `block in _render_template'
  /usr/local/lib/ruby/gems/1.9.1/gems/activesupport-3.0.7/lib/active_support/notifications.rb:52:in `block in instrument'
  /usr/local/lib/ruby/gems/1.9.1/gems/activesupport-3.0.7/lib/active_support/notifications/instrumenter.rb:21:in `instrument'
  /usr/local/lib/ruby/gems/1.9.1/gems/activesupport-3.0.7/lib/active_support/notifications.rb:52:in `instrument'
  /usr/local/lib/ruby/gems/1.9.1/gems/actionpack-3.0.7/lib/action_view/render/rendering.rb:56:in `_render_template'
  /usr/local/lib/ruby/gems/1.9.1/gems/actionpack-3.0.7/lib/action_view/render/rendering.rb:26:in `render'
  /usr/local/lib/ruby/gems/1.9.1/gems/haml-3.1.1/lib/haml/helpers/action_view_mods.rb:13:in `render_with_haml'
  /usr/local/lib/ruby/gems/1.9.1/gems/actionpack-3.0.7/lib/action_dispatch/middleware/show_exceptions.rb:88:in `rescue_action_locally'
  /usr/local/lib/ruby/gems/1.9.1/gems/actionpack-3.0.7/lib/action_dispatch/middleware/show_exceptions.rb:68:in `render_exception'
  /usr/local/lib/ruby/gems/1.9.1/gems/actionpack-3.0.7/lib/action_dispatch/middleware/show_exceptions.rb:59:in `call'
  /usr/local/lib/ruby/gems/1.9.1/gems/railties-3.0.7/lib/rails/rack/logger.rb:13:in `call'
  /usr/local/lib/ruby/gems/1.9.1/gems/rack-1.2.2/lib/rack/runtime.rb:17:in `call'
  /usr/local/lib/ruby/gems/1.9.1/gems/activesupport-3.0.7/lib/active_support/cache/strategy/local_cache.rb:72:in `call'
  /usr/local/lib/ruby/gems/1.9.1/gems/rack-1.2.2/lib/rack/lock.rb:11:in `block in call'
  <internal:prelude>:10:in `synchronize'
  /usr/local/lib/ruby/gems/1.9.1/gems/rack-1.2.2/lib/rack/lock.rb:11:in `call'
  /usr/local/lib/ruby/gems/1.9.1/gems/actionpack-3.0.7/lib/action_dispatch/middleware/static.rb:30:in `call'
  /usr/local/lib/ruby/gems/1.9.1/gems/railties-3.0.7/lib/rails/application.rb:168:in `call'
  /usr/local/lib/ruby/gems/1.9.1/gems/railties-3.0.7/lib/rails/application.rb:77:in `method_missing'
  /usr/local/lib/ruby/gems/1.9.1/gems/passenger-3.0.7/lib/phusion_passenger/rack/request_handler.rb:96:in `process_request'
  /usr/local/lib/ruby/gems/1.9.1/gems/passenger-3.0.7/lib/phusion_passenger/abstract_request_handler.rb:513:in `accept_and_process_next_request'
  /usr/local/lib/ruby/gems/1.9.1/gems/passenger-3.0.7/lib/phusion_passenger/abstract_request_handler.rb:274:in `main_loop'
  /usr/local/lib/ruby/gems/1.9.1/gems/passenger-3.0.7/lib/phusion_passenger/rack/application_spawner.rb:205:in `start_request_handler'
  /usr/local/lib/ruby/gems/1.9.1/gems/passenger-3.0.7/lib/phusion_passenger/rack/application_spawner.rb:170:in `block in handle_spawn_application'
  /usr/local/lib/ruby/gems/1.9.1/gems/passenger-3.0.7/lib/phusion_passenger/utils.rb:479:in `safe_fork'
  /usr/local/lib/ruby/gems/1.9.1/gems/passenger-3.0.7/lib/phusion_passenger/rack/application_spawner.rb:165:in `handle_spawn_application'
  /usr/local/lib/ruby/gems/1.9.1/gems/passenger-3.0.7/lib/phusion_passenger/abstract_server.rb:357:in `server_main_loop'
  /usr/local/lib/ruby/gems/1.9.1/gems/passenger-3.0.7/lib/phusion_passenger/abstract_server.rb:206:in `start_synchronously'
  /usr/local/lib/ruby/gems/1.9.1/gems/passenger-3.0.7/lib/phusion_passenger/abstract_server.rb:180:in `start'
  /usr/local/lib/ruby/gems/1.9.1/gems/passenger-3.0.7/lib/phusion_passenger/rack/application_spawner.rb:128:in `start'
  /usr/local/lib/ruby/gems/1.9.1/gems/passenger-3.0.7/lib/phusion_passenger/spawn_manager.rb:253:in `block (2 levels) in spawn_rack_application'
  /usr/local/lib/ruby/gems/1.9.1/gems/passenger-3.0.7/lib/phusion_passenger/abstract_server_collection.rb:132:in `lookup_or_add'
  /usr/local/lib/ruby/gems/1.9.1/gems/passenger-3.0.7/lib/phusion_passenger/spawn_manager.rb:246:in `block in spawn_rack_application'
  /usr/local/lib/ruby/gems/1.9.1/gems/passenger-3.0.7/lib/phusion_passenger/abstract_server_collection.rb:82:in `block in synchronize'
  <internal:prelude>:10:in `synchronize'
  /usr/local/lib/ruby/gems/1.9.1/gems/passenger-3.0.7/lib/phusion_passenger/abstract_server_collection.rb:79:in `synchronize'
  /usr/local/lib/ruby/gems/1.9.1/gems/passenger-3.0.7/lib/phusion_passenger/spawn_manager.rb:244:in `spawn_rack_application'
  /usr/local/lib/ruby/gems/1.9.1/gems/passenger-3.0.7/lib/phusion_passenger/spawn_manager.rb:137:in `spawn_application'
  /usr/local/lib/ruby/gems/1.9.1/gems/passenger-3.0.7/lib/phusion_passenger/spawn_manager.rb:275:in `handle_spawn_application'
  /usr/local/lib/ruby/gems/1.9.1/gems/passenger-3.0.7/lib/phusion_passenger/abstract_server.rb:357:in `server_main_loop'
  /usr/local/lib/ruby/gems/1.9.1/gems/passenger-3.0.7/lib/phusion_passenger/abstract_server.rb:206:in `start_synchronously'
  /usr/local/lib/ruby/gems/1.9.1/gems/passenger-3.0.7/helper-scripts/passenger-spawn-server:99:in `<main>'
[ pid=4707 thr=139850028889856 file=ext/nginx/HelperAgent.cpp:574 time=2011-07-18 16:28:37.275 ]: Couldn't forward the HTTP response back to the HTTP client: It seems the user clicked on the 'Stop' button in his browser.
{"lat"=>32.060255, "lng"=>118.796877}
[ pid=4707 thr=139850028488448 file=ext/nginx/HelperAgent.cpp:574 time=2011-07-18 16:28:38.483 ]: Couldn't forward the HTTP response back to the HTTP client: It seems the user clicked on the 'Stop' button in his browser.
{"lat"=>32.060255, "lng"=>118.796877}
{"lat"=>32.060255, "lng"=>118.796877}
[ pid=4707 thr=139850028087040 file=ext/nginx/HelperAgent.cpp:574 time=2011-07-18 16:28:39.535 ]: Couldn't forward the HTTP response back to the HTTP client: It seems the user clicked on the 'Stop' button in his browser.
[ pid=2194 thr=139658751969024 file=ext/nginx/HelperAgent.cpp:574 time=2011-07-18 19:40:55.296 ]: Couldn't forward the HTTP response back to the HTTP client: It seems the user clicked on the 'Stop' button in his browser.
[ pid=20297 thr=140588036990720 file=ext/nginx/HelperAgent.cpp:574 time=2011-07-19 00:38:25.650 ]: Couldn't forward the HTTP response back to the HTTP client: It seems the user clicked on the 'Stop' button in his browser.
[ pid=15829 thr=18536960 file=utils.rb:176 time=2011-07-20 02:26:36.501 ]: *** Exception SignalException in PhusionPassenger::Rack::ApplicationSpawner (SIGTERM) (process 15829, thread #<Thread:0x0000000235b400>):
	from /usr/local/lib/ruby/gems/1.9.1/gems/passenger-3.0.7/lib/phusion_passenger/abstract_server.rb:343:in `select'
	from /usr/local/lib/ruby/gems/1.9.1/gems/passenger-3.0.7/lib/phusion_passenger/abstract_server.rb:343:in `server_main_loop'
	from /usr/local/lib/ruby/gems/1.9.1/gems/passenger-3.0.7/lib/phusion_passenger/abstract_server.rb:206:in `start_synchronously'
	from /usr/local/lib/ruby/gems/1.9.1/gems/passenger-3.0.7/lib/phusion_passenger/abstract_server.rb:180:in `start'
	from /usr/local/lib/ruby/gems/1.9.1/gems/passenger-3.0.7/lib/phusion_passenger/rack/application_spawner.rb:128:in `start'
	from /usr/local/lib/ruby/gems/1.9.1/gems/passenger-3.0.7/lib/phusion_passenger/spawn_manager.rb:253:in `block (2 levels) in spawn_rack_application'
	from /usr/local/lib/ruby/gems/1.9.1/gems/passenger-3.0.7/lib/phusion_passenger/abstract_server_collection.rb:132:in `lookup_or_add'
	from /usr/local/lib/ruby/gems/1.9.1/gems/passenger-3.0.7/lib/phusion_passenger/spawn_manager.rb:246:in `block in spawn_rack_application'
	from /usr/local/lib/ruby/gems/1.9.1/gems/passenger-3.0.7/lib/phusion_passenger/abstract_server_collection.rb:82:in `block in synchronize'
	from <internal:prelude>:10:in `synchronize'
	from /usr/local/lib/ruby/gems/1.9.1/gems/passenger-3.0.7/lib/phusion_passenger/abstract_server_collection.rb:79:in `synchronize'
	from /usr/local/lib/ruby/gems/1.9.1/gems/passenger-3.0.7/lib/phusion_passenger/spawn_manager.rb:244:in `spawn_rack_application'
	from /usr/local/lib/ruby/gems/1.9.1/gems/passenger-3.0.7/lib/phusion_passenger/spawn_manager.rb:137:in `spawn_application'
	from /usr/local/lib/ruby/gems/1.9.1/gems/passenger-3.0.7/lib/phusion_passenger/spawn_manager.rb:275:in `handle_spawn_application'
	from /usr/local/lib/ruby/gems/1.9.1/gems/passenger-3.0.7/lib/phusion_passenger/abstract_server.rb:357:in `server_main_loop'
	from /usr/local/lib/ruby/gems/1.9.1/gems/passenger-3.0.7/lib/phusion_passenger/abstract_server.rb:206:in `start_synchronously'
	from /usr/local/lib/ruby/gems/1.9.1/gems/passenger-3.0.7/helper-scripts/passenger-spawn-server:99:in `<main>'
[ pid=22982 thr=140597654443776 file=ext/nginx/HelperAgent.cpp:574 time=2011-07-20 15:09:10.36 ]: Couldn't forward the HTTP response back to the HTTP client: It seems the user clicked on the 'Stop' button in his browser.
[ pid=7487 thr=140265641826048 file=ext/nginx/HelperAgent.cpp:574 time=2011-07-21 13:11:29.650 ]: Couldn't forward the HTTP response back to the HTTP client: It seems the user clicked on the 'Stop' button in his browser.
[ pid=7487 thr=140265642026752 file=ext/nginx/HelperAgent.cpp:574 time=2011-07-21 16:43:06.370 ]: Couldn't forward the HTTP response back to the HTTP client: It seems the user clicked on the 'Stop' button in his browser.
[ pid=7487 thr=140265642428160 file=ext/nginx/HelperAgent.cpp:574 time=2011-07-21 18:32:45.373 ]: Couldn't forward the HTTP response back to the HTTP client: It seems the user clicked on the 'Stop' button in his browser.
[ pid=7487 thr=140265604011776 file=ext/nginx/HelperAgent.cpp:574 time=2011-07-21 19:03:48.733 ]: Couldn't forward the HTTP response back to the HTTP client: It seems the user clicked on the 'Stop' button in his browser.
[ pid=7487 thr=140265603811072 file=ext/nginx/HelperAgent.cpp:574 time=2011-07-21 19:03:49.15 ]: Couldn't forward the HTTP response back to the HTTP client: It seems the user clicked on the 'Stop' button in his browser.
[ pid=7487 thr=140265603610368 file=ext/nginx/HelperAgent.cpp:574 time=2011-07-21 19:03:49.197 ]: Couldn't forward the HTTP response back to the HTTP client: It seems the user clicked on the 'Stop' button in his browser.
Error during failsafe response: incompatible character encodings: ASCII-8BIT and UTF-8
  /usr/local/lib/ruby/gems/1.9.1/gems/actionpack-3.0.7/lib/action_dispatch/middleware/show_exceptions.rb:130:in `block in log_error'
  /usr/local/lib/ruby/gems/1.9.1/gems/activesupport-3.0.7/lib/active_support/deprecation/reporting.rb:16:in `silence'
  /usr/local/lib/ruby/gems/1.9.1/gems/actionpack-3.0.7/lib/action_dispatch/middleware/show_exceptions.rb:128:in `log_error'
  /usr/local/lib/ruby/gems/1.9.1/gems/actionpack-3.0.7/lib/action_dispatch/middleware/show_exceptions.rb:64:in `render_exception'
  /usr/local/lib/ruby/gems/1.9.1/gems/actionpack-3.0.7/lib/action_dispatch/middleware/show_exceptions.rb:59:in `call'
  /usr/local/lib/ruby/gems/1.9.1/gems/railties-3.0.7/lib/rails/rack/logger.rb:13:in `call'
  /usr/local/lib/ruby/gems/1.9.1/gems/rack-1.2.2/lib/rack/runtime.rb:17:in `call'
  /usr/local/lib/ruby/gems/1.9.1/gems/activesupport-3.0.7/lib/active_support/cache/strategy/local_cache.rb:72:in `call'
  /usr/local/lib/ruby/gems/1.9.1/gems/rack-1.2.2/lib/rack/lock.rb:11:in `block in call'
  <internal:prelude>:10:in `synchronize'
  /usr/local/lib/ruby/gems/1.9.1/gems/rack-1.2.2/lib/rack/lock.rb:11:in `call'
  /usr/local/lib/ruby/gems/1.9.1/gems/actionpack-3.0.7/lib/action_dispatch/middleware/static.rb:30:in `call'
  /usr/local/lib/ruby/gems/1.9.1/gems/railties-3.0.7/lib/rails/application.rb:168:in `call'
  /usr/local/lib/ruby/gems/1.9.1/gems/railties-3.0.7/lib/rails/application.rb:77:in `method_missing'
  /usr/local/lib/ruby/gems/1.9.1/gems/passenger-3.0.7/lib/phusion_passenger/rack/request_handler.rb:96:in `process_request'
  /usr/local/lib/ruby/gems/1.9.1/gems/passenger-3.0.7/lib/phusion_passenger/abstract_request_handler.rb:513:in `accept_and_process_next_request'
  /usr/local/lib/ruby/gems/1.9.1/gems/passenger-3.0.7/lib/phusion_passenger/abstract_request_handler.rb:274:in `main_loop'
  /usr/local/lib/ruby/gems/1.9.1/gems/passenger-3.0.7/lib/phusion_passenger/rack/application_spawner.rb:205:in `start_request_handler'
  /usr/local/lib/ruby/gems/1.9.1/gems/passenger-3.0.7/lib/phusion_passenger/rack/application_spawner.rb:170:in `block in handle_spawn_application'
  /usr/local/lib/ruby/gems/1.9.1/gems/passenger-3.0.7/lib/phusion_passenger/utils.rb:479:in `safe_fork'
  /usr/local/lib/ruby/gems/1.9.1/gems/passenger-3.0.7/lib/phusion_passenger/rack/application_spawner.rb:165:in `handle_spawn_application'
  /usr/local/lib/ruby/gems/1.9.1/gems/passenger-3.0.7/lib/phusion_passenger/abstract_server.rb:357:in `server_main_loop'
  /usr/local/lib/ruby/gems/1.9.1/gems/passenger-3.0.7/lib/phusion_passenger/abstract_server.rb:206:in `start_synchronously'
  /usr/local/lib/ruby/gems/1.9.1/gems/passenger-3.0.7/lib/phusion_passenger/abstract_server.rb:180:in `start'
  /usr/local/lib/ruby/gems/1.9.1/gems/passenger-3.0.7/lib/phusion_passenger/rack/application_spawner.rb:128:in `start'
  /usr/local/lib/ruby/gems/1.9.1/gems/passenger-3.0.7/lib/phusion_passenger/spawn_manager.rb:253:in `block (2 levels) in spawn_rack_application'
  /usr/local/lib/ruby/gems/1.9.1/gems/passenger-3.0.7/lib/phusion_passenger/abstract_server_collection.rb:132:in `lookup_or_add'
  /usr/local/lib/ruby/gems/1.9.1/gems/passenger-3.0.7/lib/phusion_passenger/spawn_manager.rb:246:in `block in spawn_rack_application'
  /usr/local/lib/ruby/gems/1.9.1/gems/passenger-3.0.7/lib/phusion_passenger/abstract_server_collection.rb:82:in `block in synchronize'
  <internal:prelude>:10:in `synchronize'
  /usr/local/lib/ruby/gems/1.9.1/gems/passenger-3.0.7/lib/phusion_passenger/abstract_server_collection.rb:79:in `synchronize'
  /usr/local/lib/ruby/gems/1.9.1/gems/passenger-3.0.7/lib/phusion_passenger/spawn_manager.rb:244:in `spawn_rack_application'
  /usr/local/lib/ruby/gems/1.9.1/gems/passenger-3.0.7/lib/phusion_passenger/spawn_manager.rb:137:in `spawn_application'
  /usr/local/lib/ruby/gems/1.9.1/gems/passenger-3.0.7/lib/phusion_passenger/spawn_manager.rb:275:in `handle_spawn_application'
  /usr/local/lib/ruby/gems/1.9.1/gems/passenger-3.0.7/lib/phusion_passenger/abstract_server.rb:357:in `server_main_loop'
  /usr/local/lib/ruby/gems/1.9.1/gems/passenger-3.0.7/lib/phusion_passenger/abstract_server.rb:206:in `start_synchronously'
  /usr/local/lib/ruby/gems/1.9.1/gems/passenger-3.0.7/helper-scripts/passenger-spawn-server:99:in `<main>'
Error during failsafe response: incompatible character encodings: ASCII-8BIT and UTF-8
  /usr/local/lib/ruby/gems/1.9.1/gems/actionpack-3.0.7/lib/action_dispatch/middleware/show_exceptions.rb:130:in `block in log_error'
  /usr/local/lib/ruby/gems/1.9.1/gems/activesupport-3.0.7/lib/active_support/deprecation/reporting.rb:16:in `silence'
  /usr/local/lib/ruby/gems/1.9.1/gems/actionpack-3.0.7/lib/action_dispatch/middleware/show_exceptions.rb:128:in `log_error'
  /usr/local/lib/ruby/gems/1.9.1/gems/actionpack-3.0.7/lib/action_dispatch/middleware/show_exceptions.rb:64:in `render_exception'
  /usr/local/lib/ruby/gems/1.9.1/gems/actionpack-3.0.7/lib/action_dispatch/middleware/show_exceptions.rb:59:in `call'
  /usr/local/lib/ruby/gems/1.9.1/gems/railties-3.0.7/lib/rails/rack/logger.rb:13:in `call'
  /usr/local/lib/ruby/gems/1.9.1/gems/rack-1.2.2/lib/rack/runtime.rb:17:in `call'
  /usr/local/lib/ruby/gems/1.9.1/gems/activesupport-3.0.7/lib/active_support/cache/strategy/local_cache.rb:72:in `call'
  /usr/local/lib/ruby/gems/1.9.1/gems/rack-1.2.2/lib/rack/lock.rb:11:in `block in call'
  <internal:prelude>:10:in `synchronize'
  /usr/local/lib/ruby/gems/1.9.1/gems/rack-1.2.2/lib/rack/lock.rb:11:in `call'
  /usr/local/lib/ruby/gems/1.9.1/gems/actionpack-3.0.7/lib/action_dispatch/middleware/static.rb:30:in `call'
  /usr/local/lib/ruby/gems/1.9.1/gems/railties-3.0.7/lib/rails/application.rb:168:in `call'
  /usr/local/lib/ruby/gems/1.9.1/gems/railties-3.0.7/lib/rails/application.rb:77:in `method_missing'
  /usr/local/lib/ruby/gems/1.9.1/gems/passenger-3.0.7/lib/phusion_passenger/rack/request_handler.rb:96:in `process_request'
  /usr/local/lib/ruby/gems/1.9.1/gems/passenger-3.0.7/lib/phusion_passenger/abstract_request_handler.rb:513:in `accept_and_process_next_request'
  /usr/local/lib/ruby/gems/1.9.1/gems/passenger-3.0.7/lib/phusion_passenger/abstract_request_handler.rb:274:in `main_loop'
  /usr/local/lib/ruby/gems/1.9.1/gems/passenger-3.0.7/lib/phusion_passenger/rack/application_spawner.rb:205:in `start_request_handler'
  /usr/local/lib/ruby/gems/1.9.1/gems/passenger-3.0.7/lib/phusion_passenger/rack/application_spawner.rb:170:in `block in handle_spawn_application'
  /usr/local/lib/ruby/gems/1.9.1/gems/passenger-3.0.7/lib/phusion_passenger/utils.rb:479:in `safe_fork'
  /usr/local/lib/ruby/gems/1.9.1/gems/passenger-3.0.7/lib/phusion_passenger/rack/application_spawner.rb:165:in `handle_spawn_application'
  /usr/local/lib/ruby/gems/1.9.1/gems/passenger-3.0.7/lib/phusion_passenger/abstract_server.rb:357:in `server_main_loop'
  /usr/local/lib/ruby/gems/1.9.1/gems/passenger-3.0.7/lib/phusion_passenger/abstract_server.rb:206:in `start_synchronously'
  /usr/local/lib/ruby/gems/1.9.1/gems/passenger-3.0.7/lib/phusion_passenger/abstract_server.rb:180:in `start'
  /usr/local/lib/ruby/gems/1.9.1/gems/passenger-3.0.7/lib/phusion_passenger/rack/application_spawner.rb:128:in `start'
  /usr/local/lib/ruby/gems/1.9.1/gems/passenger-3.0.7/lib/phusion_passenger/spawn_manager.rb:253:in `block (2 levels) in spawn_rack_application'
  /usr/local/lib/ruby/gems/1.9.1/gems/passenger-3.0.7/lib/phusion_passenger/abstract_server_collection.rb:132:in `lookup_or_add'
  /usr/local/lib/ruby/gems/1.9.1/gems/passenger-3.0.7/lib/phusion_passenger/spawn_manager.rb:246:in `block in spawn_rack_application'
  /usr/local/lib/ruby/gems/1.9.1/gems/passenger-3.0.7/lib/phusion_passenger/abstract_server_collection.rb:82:in `block in synchronize'
  <internal:prelude>:10:in `synchronize'
  /usr/local/lib/ruby/gems/1.9.1/gems/passenger-3.0.7/lib/phusion_passenger/abstract_server_collection.rb:79:in `synchronize'
  /usr/local/lib/ruby/gems/1.9.1/gems/passenger-3.0.7/lib/phusion_passenger/spawn_manager.rb:244:in `spawn_rack_application'
  /usr/local/lib/ruby/gems/1.9.1/gems/passenger-3.0.7/lib/phusion_passenger/spawn_manager.rb:137:in `spawn_application'
  /usr/local/lib/ruby/gems/1.9.1/gems/passenger-3.0.7/lib/phusion_passenger/spawn_manager.rb:275:in `handle_spawn_application'
  /usr/local/lib/ruby/gems/1.9.1/gems/passenger-3.0.7/lib/phusion_passenger/abstract_server.rb:357:in `server_main_loop'
  /usr/local/lib/ruby/gems/1.9.1/gems/passenger-3.0.7/lib/phusion_passenger/abstract_server.rb:206:in `start_synchronously'
  /usr/local/lib/ruby/gems/1.9.1/gems/passenger-3.0.7/helper-scripts/passenger-spawn-server:99:in `<main>'
[ pid=13882 thr=139921039259392 file=ext/nginx/HelperAgent.cpp:574 time=2011-07-22 13:39:01.553 ]: Couldn't forward the HTTP response back to the HTTP client: It seems the user clicked on the 'Stop' button in his browser.
[ pid=13882 thr=139921038857984 file=ext/nginx/HelperAgent.cpp:574 time=2011-07-22 13:39:01.561 ]: Couldn't forward the HTTP response back to the HTTP client: It seems the user clicked on the 'Stop' button in his browser.
[ pid=13882 thr=139921002850048 file=ext/nginx/HelperAgent.cpp:574 time=2011-07-22 13:41:24.381 ]: Couldn't forward the HTTP response back to the HTTP client: It seems the user clicked on the 'Stop' button in his browser.
[ pid=13882 thr=139921002047232 file=ext/nginx/HelperAgent.cpp:574 time=2011-07-22 17:46:15.839 ]: Couldn't forward the HTTP response back to the HTTP client: It seems the user clicked on the 'Stop' button in his browser.
[ pid=6349 thr=140672174053120 file=ext/nginx/HelperAgent.cpp:574 time=2011-07-23 18:30:35.122 ]: Couldn't forward the HTTP response back to the HTTP client: It seems the user clicked on the 'Stop' button in his browser.
[ pid=6349 thr=140672138848000 file=ext/nginx/HelperAgent.cpp:574 time=2011-07-23 18:36:22.325 ]: Couldn't forward the HTTP response back to the HTTP client: It seems the user clicked on the 'Stop' button in his browser.
[ pid=2001 thr=139975951996672 file=ext/nginx/HelperAgent.cpp:574 time=2011-07-24 14:36:13.161 ]: Couldn't forward the HTTP response back to the HTTP client: It seems the user clicked on the 'Stop' button in his browser.
[ pid=2001 thr=139975916992256 file=ext/nginx/HelperAgent.cpp:574 time=2011-07-25 01:03:21.397 ]: Couldn't forward the HTTP response back to the HTTP client: It seems the user clicked on the 'Stop' button in his browser.
[ pid=2001 thr=139975914583808 file=ext/nginx/HelperAgent.cpp:574 time=2011-07-25 01:36:04.187 ]: Couldn't forward the HTTP response back to the HTTP client: It seems the user clicked on the 'Stop' button in his browser.
[ pid=2473 thr=139823220930304 file=ext/nginx/HelperAgent.cpp:574 time=2011-07-25 14:35:29.93 ]: Couldn't forward the HTTP response back to the HTTP client: It seems the user clicked on the 'Stop' button in his browser.
[ pid=2556 thr=12311020 file=utils.rb:176 time=2011-07-25 14:37:21.396 ]: *** Exception SignalException in PhusionPassenger::Rack::ApplicationSpawner (SIGTERM) (process 2556, thread #<Thread:0x0000000177b3d8>):
	from /usr/local/lib/ruby/gems/1.9.1/gems/passenger-3.0.7/lib/phusion_passenger/abstract_server.rb:343:in `select'
	from /usr/local/lib/ruby/gems/1.9.1/gems/passenger-3.0.7/lib/phusion_passenger/abstract_server.rb:343:in `server_main_loop'
	from /usr/local/lib/ruby/gems/1.9.1/gems/passenger-3.0.7/lib/phusion_passenger/abstract_server.rb:206:in `start_synchronously'
	from /usr/local/lib/ruby/gems/1.9.1/gems/passenger-3.0.7/lib/phusion_passenger/abstract_server.rb:180:in `start'
	from /usr/local/lib/ruby/gems/1.9.1/gems/passenger-3.0.7/lib/phusion_passenger/rack/application_spawner.rb:128:in `start'
	from /usr/local/lib/ruby/gems/1.9.1/gems/passenger-3.0.7/lib/phusion_passenger/spawn_manager.rb:253:in `block (2 levels) in spawn_rack_application'
	from /usr/local/lib/ruby/gems/1.9.1/gems/passenger-3.0.7/lib/phusion_passenger/abstract_server_collection.rb:132:in `lookup_or_add'
	from /usr/local/lib/ruby/gems/1.9.1/gems/passenger-3.0.7/lib/phusion_passenger/spawn_manager.rb:246:in `block in spawn_rack_application'
	from /usr/local/lib/ruby/gems/1.9.1/gems/passenger-3.0.7/lib/phusion_passenger/abstract_server_collection.rb:82:in `block in synchronize'
	from <internal:prelude>:10:in `synchronize'
	from /usr/local/lib/ruby/gems/1.9.1/gems/passenger-3.0.7/lib/phusion_passenger/abstract_server_collection.rb:79:in `synchronize'
	from /usr/local/lib/ruby/gems/1.9.1/gems/passenger-3.0.7/lib/phusion_passenger/spawn_manager.rb:244:in `spawn_rack_application'
	from /usr/local/lib/ruby/gems/1.9.1/gems/passenger-3.0.7/lib/phusion_passenger/spawn_manager.rb:137:in `spawn_application'
	from /usr/local/lib/ruby/gems/1.9.1/gems/passenger-3.0.7/lib/phusion_passenger/spawn_manager.rb:275:in `handle_spawn_application'
	from /usr/local/lib/ruby/gems/1.9.1/gems/passenger-3.0.7/lib/phusion_passenger/abstract_server.rb:357:in `server_main_loop'
	from /usr/local/lib/ruby/gems/1.9.1/gems/passenger-3.0.7/lib/phusion_passenger/abstract_server.rb:206:in `start_synchronously'
	from /usr/local/lib/ruby/gems/1.9.1/gems/passenger-3.0.7/helper-scripts/passenger-spawn-server:99:in `<main>'
[ pid=30330 thr=139939034797824 file=ext/nginx/HelperAgent.cpp:574 time=2011-07-25 21:37:35.769 ]: Couldn't forward the HTTP response back to the HTTP client: It seems the user clicked on the 'Stop' button in his browser.
[ pid=30330 thr=139939000596224 file=ext/nginx/HelperAgent.cpp:574 time=2011-07-25 22:46:25.595 ]: Couldn't forward the HTTP response back to the HTTP client: It seems the user clicked on the 'Stop' button in his browser.
[ pid=7445 thr=139833825613568 file=ext/nginx/HelperAgent.cpp:574 time=2011-07-26 14:24:30.305 ]: Couldn't forward the HTTP response back to the HTTP client: It seems the user clicked on the 'Stop' button in his browser.
[ pid=14582 thr=140409020020480 file=ext/nginx/HelperAgent.cpp:574 time=2011-07-26 15:05:38.411 ]: Couldn't forward the HTTP response back to the HTTP client: It seems the user clicked on the 'Stop' button in his browser.
[ pid=4385 thr=139824524420864 file=ext/nginx/HelperAgent.cpp:574 time=2011-07-26 17:19:26.699 ]: Couldn't forward the HTTP response back to the HTTP client: It seems the user clicked on the 'Stop' button in his browser.
[ pid=4385 thr=139824490219264 file=ext/nginx/HelperAgent.cpp:574 time=2011-07-26 17:24:20.632 ]: Couldn't forward the HTTP response back to the HTTP client: It seems the user clicked on the 'Stop' button in his browser.
[ pid=9138 thr=140240873805568 file=ext/nginx/HelperAgent.cpp:574 time=2011-07-26 17:47:18.768 ]: Couldn't forward the HTTP response back to the HTTP client: It seems the user clicked on the 'Stop' button in his browser.
[ pid=9138 thr=140240836994816 file=ext/nginx/HelperAgent.cpp:574 time=2011-07-26 17:55:32.610 ]: Couldn't forward the HTTP response back to the HTTP client: It seems the user clicked on the 'Stop' button in his browser.
[ pid=9138 thr=140240873002752 file=ext/nginx/HelperAgent.cpp:574 time=2011-07-26 18:02:55.255 ]: Couldn't forward the HTTP response back to the HTTP client: It seems the user clicked on the 'Stop' button in his browser.
[ pid=12702 thr=139979829311232 file=ext/nginx/HelperAgent.cpp:574 time=2011-07-26 18:08:12.355 ]: Couldn't forward the HTTP response back to the HTTP client: It seems the user clicked on the 'Stop' button in his browser.
[ pid=2280 thr=139890219681536 file=ext/nginx/HelperAgent.cpp:574 time=2011-07-27 13:20:43.380 ]: Couldn't forward the HTTP response back to the HTTP client: It seems the user clicked on the 'Stop' button in his browser.
